
=== Mon Dec 16 16:26:40 2019

Packages were changed.
Update Mode: updateDependencies

The following packages were updated:
  com.unity.ide.rider from version 1.0.8 to 1.1.0
  com.unity.ide.vscode from version 1.0.7 to 1.1.3

=== Thu Jul 30 04:09:46 2020

Packages were changed.
Update Mode: updateDependencies

The following packages were added:
  com.unity.ide.visualstudio@2.0.2
The following packages were updated:
  com.unity.ads from version 3.4.1 to 3.4.7
  com.unity.analytics from version 3.3.2 to 3.3.5
  com.unity.collab-proxy from version 1.2.16 to 1.3.8
  com.unity.ide.rider from version 1.1.0 to 1.2.1
  com.unity.ide.vscode from version 1.1.3 to 1.2.1
  com.unity.test-framework from version 1.0.13 to 1.1.14
  com.unity.textmeshpro from version 2.0.1 to 3.0.0-preview.1
  com.unity.timeline from version 1.1.0 to 1.2.6
  com.unity.xr.legacyinputhelpers from version 2.0.2 to 2.1.4
The following packages were removed:
  com.unity.package-manager-ui@2.2.0

=== Fri Sep  4 19:47:55 2020

Packages were changed.
Update Mode: updateDependencies

The following packages were updated:
  com.unity.test-framework from version 1.1.14 to 1.1.16
  com.unity.textmeshpro from version 3.0.0-preview.1 to 3.0.1

=== Wed Sep 30 10:19:14 2020

Packages were changed.
Update Mode: updateDependencies

The following packages were updated:
  com.unity.ads from version 3.4.7 to 3.4.9
  com.unity.collab-proxy from version 1.3.8 to 1.3.9
  com.unity.purchasing from version 2.0.6 to 2.1.0
